2025-11-10 00:56:18,908 - app.routes.weather - INFO - Utilisation des données météo simulées
2025-11-10 00:57:13,570 - app.routes.weather - INFO - Utilisation des données météo simulées
2025-11-10 01:01:26,901 - app.routes.weather - INFO - Utilisation des données météo simulées
2025-11-10 01:33:50,072 - watchfiles.main - INFO - 2 changes detected
2025-11-10 01:33:50,856 - watchfiles.main - INFO - 9 changes detected
2025-11-10 01:34:01,767 - watchfiles.main - INFO - 61 changes detected
2025-11-10 01:34:02,133 - watchfiles.main - INFO - 1 change detected
2025-11-10 01:34:02,485 - watchfiles.main - INFO - 1 change detected
2025-11-10 01:34:02,887 - watchfiles.main - INFO - 1 change detected
2025-11-10 01:34:03,239 - watchfiles.main - INFO - 1 change detected
2025-11-10 01:34:03,642 - watchfiles.main - INFO - 1 change detected
2025-11-10 01:34:03,994 - watchfiles.main - INFO - 1 change detected
2025-11-10 01:34:04,396 - watchfiles.main - INFO - 1 change detected
2025-11-10 01:34:04,799 - watchfiles.main - INFO - 1 change detected
2025-11-10 01:34:05,152 - watchfiles.main - INFO - 1 change detected
2025-11-10 01:34:05,556 - watchfiles.main - INFO - 1 change detected
2025-11-10 01:34:05,908 - watchfiles.main - INFO - 1 change detected
2025-11-10 01:34:06,311 - watchfiles.main - INFO - 1 change detected
2025-11-10 01:34:06,663 - watchfiles.main - INFO - 1 change detected
2025-11-10 01:34:07,067 - watchfiles.main - INFO - 1 change detected
2025-11-10 01:34:07,469 - watchfiles.main - INFO - 1 change detected
2025-11-10 01:34:07,823 - watchfiles.main - INFO - 1 change detected
2025-11-10 01:34:08,225 - watchfiles.main - INFO - 1 change detected
2025-11-10 01:34:08,578 - watchfiles.main - INFO - 1 change detected
2025-11-10 01:34:08,981 - watchfiles.main - INFO - 1 change detected
2025-11-10 01:34:09,384 - watchfiles.main - INFO - 1 change detected
2025-11-10 01:34:09,736 - watchfiles.main - INFO - 1 change detected
2025-11-10 01:34:10,139 - watchfiles.main - INFO - 1 change detected
2025-11-10 01:34:10,490 - watchfiles.main - INFO - 1 change detected
2025-11-10 01:34:10,905 - watchfiles.main - INFO - 1 change detected
2025-11-10 01:34:11,259 - watchfiles.main - INFO - 1 change detected
2025-11-10 01:34:11,662 - watchfiles.main - INFO - 1 change detected
2025-11-10 01:34:12,063 - watchfiles.main - INFO - 1 change detected
2025-11-10 01:34:12,567 - watchfiles.main - INFO - 1 change detected
2025-11-10 01:34:13,419 - watchfiles.main - INFO - 1 change detected
2025-11-10 01:34:13,772 - watchfiles.main - INFO - 1 change detected
2025-11-10 01:34:14,123 - watchfiles.main - INFO - 1 change detected
2025-11-10 01:34:14,528 - watchfiles.main - INFO - 1 change detected
2025-11-10 01:34:14,880 - watchfiles.main - INFO - 1 change detected
2025-11-10 01:34:15,283 - watchfiles.main - INFO - 1 change detected
2025-11-10 01:34:15,686 - watchfiles.main - INFO - 1 change detected
2025-11-10 01:34:16,039 - watchfiles.main - INFO - 1 change detected
2025-11-10 01:34:16,441 - watchfiles.main - INFO - 1 change detected
2025-11-10 01:34:16,793 - watchfiles.main - INFO - 1 change detected
2025-11-10 01:34:17,198 - watchfiles.main - INFO - 1 change detected
2025-11-10 01:34:17,600 - watchfiles.main - INFO - 1 change detected
2025-11-10 01:34:17,951 - watchfiles.main - INFO - 1 change detected
2025-11-10 01:34:18,354 - watchfiles.main - INFO - 1 change detected
2025-11-10 01:34:18,706 - watchfiles.main - INFO - 1 change detected
2025-11-10 01:34:19,110 - watchfiles.main - INFO - 1 change detected
2025-11-10 01:34:19,463 - watchfiles.main - INFO - 1 change detected
2025-11-10 01:34:19,865 - watchfiles.main - INFO - 1 change detected
2025-11-10 01:34:20,266 - watchfiles.main - INFO - 1 change detected
2025-11-10 01:34:20,619 - watchfiles.main - INFO - 1 change detected
2025-11-10 01:34:21,021 - watchfiles.main - INFO - 1 change detected
2025-11-10 01:34:21,372 - watchfiles.main - INFO - 1 change detected
2025-11-10 01:34:21,774 - watchfiles.main - INFO - 1 change detected
2025-11-10 01:34:22,176 - watchfiles.main - INFO - 1 change detected
2025-11-10 01:34:22,530 - watchfiles.main - INFO - 1 change detected
2025-11-10 01:34:22,933 - watchfiles.main - INFO - 1 change detected
2025-11-10 01:34:23,285 - watchfiles.main - INFO - 1 change detected
2025-11-10 01:34:23,687 - watchfiles.main - INFO - 1 change detected
2025-11-10 01:34:24,089 - watchfiles.main - INFO - 1 change detected
2025-11-10 01:34:24,443 - watchfiles.main - INFO - 1 change detected
2025-11-10 01:34:24,846 - watchfiles.main - INFO - 1 change detected
2025-11-10 01:34:25,199 - watchfiles.main - INFO - 1 change detected
2025-11-10 01:34:25,603 - watchfiles.main - INFO - 1 change detected
2025-11-10 01:34:25,955 - watchfiles.main - INFO - 1 change detected
2025-11-10 01:34:26,357 - watchfiles.main - INFO - 1 change detected
2025-11-10 01:34:26,761 - watchfiles.main - INFO - 1 change detected
2025-11-10 01:34:27,113 - watchfiles.main - INFO - 1 change detected
2025-11-10 01:34:27,515 - watchfiles.main - INFO - 1 change detected
2025-11-10 01:34:27,868 - watchfiles.main - INFO - 1 change detected
2025-11-10 01:34:28,271 - watchfiles.main - INFO - 1 change detected
2025-11-10 01:34:28,622 - watchfiles.main - INFO - 1 change detected
2025-11-10 01:34:29,068 - watchfiles.main - INFO - 23 changes detected
2025-11-10 01:34:29,425 - watchfiles.main - INFO - 1 change detected
2025-11-10 01:34:29,777 - watchfiles.main - INFO - 1 change detected
2025-11-10 01:34:30,129 - watchfiles.main - INFO - 1 change detected
2025-11-10 01:34:30,532 - watchfiles.main - INFO - 1 change detected
2025-11-10 01:34:30,884 - watchfiles.main - INFO - 1 change detected
2025-11-10 01:34:31,287 - watchfiles.main - INFO - 1 change detected
2025-11-10 01:34:31,690 - watchfiles.main - INFO - 1 change detected
2025-11-10 01:34:32,042 - watchfiles.main - INFO - 1 change detected
2025-11-10 01:34:32,446 - watchfiles.main - INFO - 1 change detected
2025-11-10 01:34:32,800 - watchfiles.main - INFO - 1 change detected
2025-11-10 01:34:33,202 - watchfiles.main - INFO - 1 change detected
2025-11-10 01:34:33,554 - watchfiles.main - INFO - 1 change detected
2025-11-10 01:34:33,958 - watchfiles.main - INFO - 1 change detected
2025-11-10 01:34:34,360 - watchfiles.main - INFO - 1 change detected
2025-11-10 01:34:34,712 - watchfiles.main - INFO - 1 change detected
2025-11-10 01:34:35,116 - watchfiles.main - INFO - 1 change detected
2025-11-10 01:34:35,467 - watchfiles.main - INFO - 1 change detected
2025-11-10 01:34:35,870 - watchfiles.main - INFO - 1 change detected
2025-11-10 01:34:36,223 - watchfiles.main - INFO - 1 change detected
2025-11-10 01:34:36,626 - watchfiles.main - INFO - 1 change detected
2025-11-10 01:34:36,979 - watchfiles.main - INFO - 1 change detected
2025-11-10 01:34:37,383 - watchfiles.main - INFO - 1 change detected
2025-11-10 01:34:37,798 - watchfiles.main - INFO - 1 change detected
2025-11-10 01:34:38,152 - watchfiles.main - INFO - 1 change detected
2025-11-10 01:34:38,505 - watchfiles.main - INFO - 1 change detected
2025-11-10 01:34:38,909 - watchfiles.main - INFO - 1 change detected
2025-11-10 01:34:39,262 - watchfiles.main - INFO - 1 change detected
2025-11-10 01:34:39,665 - watchfiles.main - INFO - 1 change detected
2025-11-10 01:34:40,068 - watchfiles.main - INFO - 1 change detected
2025-11-10 01:34:40,421 - watchfiles.main - INFO - 1 change detected
2025-11-10 01:34:40,825 - watchfiles.main - INFO - 1 change detected
2025-11-10 01:34:41,177 - watchfiles.main - INFO - 1 change detected
2025-11-10 01:34:41,579 - watchfiles.main - INFO - 1 change detected
2025-11-10 01:34:41,931 - watchfiles.main - INFO - 1 change detected
2025-11-10 01:34:42,333 - watchfiles.main - INFO - 1 change detected
2025-11-10 01:34:42,684 - watchfiles.main - INFO - 11 changes detected
2025-11-10 01:34:43,069 - watchfiles.main - INFO - 12 changes detected
2025-11-10 01:35:12,597 - watchfiles.main - INFO - 22 changes detected
2025-11-10 01:35:30,183 - app.routes.weather - INFO - Utilisation des données météo simulées
2025-11-10 10:36:13,404 - app.routes.weather - INFO - Utilisation des données météo simulées
2025-11-10 10:36:18,814 - app.routes.weather - INFO - Utilisation des données météo simulées
2025-11-10 10:36:26,864 - app.routes.weather - INFO - Utilisation des données météo simulées
2025-11-10 10:37:46,773 - watchfiles.main - INFO - 1 change detected
2025-11-10 10:37:47,630 - watchfiles.main - INFO - 7 changes detected
2025-11-10 10:40:47,905 - watchfiles.main - INFO - 1 change detected
2025-11-10 10:40:49,115 - watchfiles.main - INFO - 7 changes detected
2025-11-10 10:44:52,493 - watchfiles.main - INFO - 1 change detected
2025-11-10 10:49:41,898 - watchfiles.main - INFO - 1 change detected
2025-11-10 10:49:42,766 - watchfiles.main - INFO - 7 changes detected
2025-11-10 10:56:02,604 - app.routes.weather - INFO - Utilisation des données météo simulées
2025-11-10 10:56:08,098 - app.routes.weather - INFO - Utilisation des données météo simulées
2025-11-10 10:56:23,460 - app.routes.analysis - INFO - ============================================================
2025-11-10 10:56:23,464 - app.routes.analysis - INFO -    Filename: plant_image.jpg
2025-11-10 10:56:23,464 - app.routes.analysis - INFO -    Content-Type: application/octet-stream
2025-11-10 10:56:23,465 - app.routes.analysis - INFO -    Headers: Headers({'content-type': 'application/octet-stream', 'content-disposition': 'form-data; name="file"; filename="plant_image.jpg"'})
2025-11-10 10:56:23,466 - app.routes.analysis - INFO -    Type MIME: application/octet-stream
2025-11-10 10:56:23,480 - app.routes.analysis - INFO - ============================================================
2025-11-10 10:56:54,893 - app.routes.analysis - INFO - ============================================================
2025-11-10 10:56:54,899 - app.routes.analysis - INFO -    Filename: plant_image.jpg
2025-11-10 10:56:54,899 - app.routes.analysis - INFO -    Content-Type: application/octet-stream
2025-11-10 10:56:54,899 - app.routes.analysis - INFO -    Headers: Headers({'content-type': 'application/octet-stream', 'content-disposition': 'form-data; name="file"; filename="plant_image.jpg"'})
2025-11-10 10:56:54,899 - app.routes.analysis - INFO -    Type MIME: application/octet-stream
2025-11-10 10:56:54,911 - app.routes.analysis - INFO - ============================================================
2025-11-10 10:56:58,699 - app.routes.analysis - INFO - ============================================================
2025-11-10 10:56:58,707 - app.routes.analysis - INFO -    Filename: plant_image.jpg
2025-11-10 10:56:58,707 - app.routes.analysis - INFO -    Content-Type: application/octet-stream
2025-11-10 10:56:58,707 - app.routes.analysis - INFO -    Headers: Headers({'content-type': 'application/octet-stream', 'content-disposition': 'form-data; name="file"; filename="plant_image.jpg"'})
2025-11-10 10:56:58,708 - app.routes.analysis - INFO -    Type MIME: application/octet-stream
2025-11-10 10:56:58,721 - app.routes.analysis - INFO - ============================================================
2025-11-10 10:57:04,432 - app.routes.analysis - INFO - ============================================================
2025-11-10 10:57:04,443 - app.routes.analysis - INFO -    Filename: plant_image.jpg
2025-11-10 10:57:04,444 - app.routes.analysis - INFO -    Content-Type: application/octet-stream
2025-11-10 10:57:04,444 - app.routes.analysis - INFO -    Headers: Headers({'content-type': 'application/octet-stream', 'content-disposition': 'form-data; name="file"; filename="plant_image.jpg"'})
2025-11-10 10:57:04,444 - app.routes.analysis - INFO -    Type MIME: application/octet-stream
2025-11-10 10:57:04,458 - app.routes.analysis - INFO - ============================================================
2025-11-10 10:57:11,764 - watchfiles.main - INFO - 1 change detected
2025-11-10 10:57:12,821 - watchfiles.main - INFO - 7 changes detected
